#
# A fatal error has been detected by the Java Runtime Environment:
#
#  EXCEPTION_ACCESS_VIOLATION (0xc0000005) at pc=0x00000000, pid=3884, tid=2248
#
# JRE version: 7.0_07-b11
# Java VM: Java HotSpot(TM) Client VM (23.3-b01 mixed mode, sharing windows-x86 )
# Problematic frame:
# C  0x00000000
#
# Failed to write core dump. Minidumps are not enabled by default on client versions of Windows
#
# If you would like to submit a bug report, please visit:
#   http://bugreport.sun.com/bugreport/crash.jsp
# The crash happened outside the Java Virtual Machine in native code.
# See problematic frame for where to report the bug.
#

---------------  T H R E A D  ---------------

Current thread (0x02f89400):  JavaThread "Animation Thread" [_thread_in_native, id=2248, stack(0x03410000,0x03460000)]

siginfo: ExceptionCode=0xc0000005, reading address 0x00000000

Registers:
EAX=0x003d97f0, EBX=0x7c80934a, ECX=0x003da910, EDX=0x005da6ea
ESP=0x0345ebd0, EBP=0x0345f19c, ESI=0x003d97f0, EDI=0x005da6ea
EIP=0x00000000, EFLAGS=0x00010246

Top of Stack: (sp=0x0345ebd0)
0x0345ebd0:   0416c953 00000000 003d97f0 0011f840
0x0345ebe0:   003d97f0 00000000 00000000 00000000
0x0345ebf0:   0345ee40 0416ca53 00000000 003d97f0
0x0345ec00:   003d97f0 0416cd2a 003d97f0 2c313001
0x0345ec10:   02303030 564f4d50 2e35204a 302c3030
0x0345ec20:   302c302c 302c302c 322c302c 302c302c
0x0345ec30:   302c302c 302c302c 0000030d 00000000
0x0345ec40:   00000000 00000000 00000000 00000000 

Instructions: (pc=0x00000000)
0xffffffe0:   


Register to memory mapping:

EAX=0x003d97f0 is an unknown value
EBX=0x7c80934a is an unknown value
ECX=0x003da910 is an unknown value
EDX=0x005da6ea is an unknown value
ESP=0x0345ebd0 is pointing into the stack for thread: 0x02f89400
EBP=0x0345f19c is pointing into the stack for thread: 0x02f89400
ESI=0x003d97f0 is an unknown value
EDI=0x005da6ea is an unknown value


Stack: [0x03410000,0x03460000],  sp=0x0345ebd0,  free space=314k
Java frames: (J=compiled Java code, j=interpreted, Vv=VM code)
j  comunicacionlan.ComunicacionLAN.SetPosition(IIIIII)I+0
j  comunicacionlan.ComunicacionLAN.enviarPosicion(IIIIII)V+21
j  comunicacionlan.MotomanUnal.teach()V+248
v  ~StubRoutines::call_stub
j  sun.reflect.NativeMethodAccessorImpl.invoke0(Ljava/lang/reflect/Method;Ljava/lang/Object;[Ljava/lang/Object;)Ljava/lang/Object;+0
j  sun.reflect.NativeMethodAccessorImpl.invoke(Ljava/lang/Object;[Ljava/lang/Object;)Ljava/lang/Object;+87
J  sun.reflect.DelegatingMethodAccessorImpl.invoke(Ljava/lang/Object;[Ljava/lang/Object;)Ljava/lang/Object;
j  java.lang.reflect.Method.invoke(Ljava/lang/Object;[Ljava/lang/Object;)Ljava/lang/Object;+57
j  controlP5.ControlBroadcaster.invokeMethod(Ljava/lang/Object;Ljava/lang/reflect/Method;[Ljava/lang/Object;)V+12
j  controlP5.ControlBroadcaster.callTarget(LcontrolP5/ControllerPlug;F)V+22
j  controlP5.ControlBroadcaster.broadcast(LcontrolP5/ControlEvent;I)V+204
j  controlP5.Controller.broadcast(I)V+78
j  controlP5.Button.setValue(F)V+7
j  controlP5.Button.activate()V+32
j  controlP5.Button.mouseReleased()V+14
j  controlP5.Controller.setMousePressed(Z)Z+78
j  controlP5.ControllerGroup.setMousePressed(Z)Z+32
j  controlP5.ControlWindow.mouseEvent(Ljava/awt/event/MouseEvent;)V+122
j  sun.reflect.GeneratedMethodAccessor4.invoke(Ljava/lang/Object;[Ljava/lang/Object;)Ljava/lang/Object;+40
J  sun.reflect.DelegatingMethodAccessorImpl.invoke(Ljava/lang/Object;[Ljava/lang/Object;)Ljava/lang/Object;
j  java.lang.reflect.Method.invoke(Ljava/lang/Object;[Ljava/lang/Object;)Ljava/lang/Object;+57
J  processing.core.PApplet$RegisteredMethods.handle([Ljava/lang/Object;)V
j  processing.core.PApplet.handleMouseEvent(Ljava/awt/event/MouseEvent;)V+139
j  processing.core.PApplet.dequeueMouseEvents()V+32
j  processing.core.PApplet.handleDraw()V+165
j  processing.core.PApplet.run()V+72
j  java.lang.Thread.run()V+11
v  ~StubRoutines::call_stub

---------------  P R O C E S S  ---------------

Java Threads: ( => current thread )
  0x0301dc00 JavaThread "D3D Screen Updater" daemon [_thread_blocked, id=2940, stack(0x03460000,0x034b0000)]
=>0x02f89400 JavaThread "Animation Thread" [_thread_in_native, id=2248, stack(0x03410000,0x03460000)]
  0x02f9e800 JavaThread "AWT-EventQueue-0" [_thread_blocked, id=3132, stack(0x03370000,0x033c0000)]
  0x02f90400 JavaThread "AWT-Windows" daemon [_thread_in_native, id=3776, stack(0x03270000,0x032c0000)]
  0x02b26000 JavaThread "AWT-Shutdown" [_thread_blocked, id=2768, stack(0x03220000,0x03270000)]
  0x02f22c00 JavaThread "Java2D Disposer" daemon [_thread_blocked, id=1660, stack(0x031d0000,0x03220000)]
  0x02af3000 JavaThread "Service Thread" daemon [_thread_blocked, id=2188, stack(0x02e80000,0x02ed0000)]
  0x02ae8800 JavaThread "C1 CompilerThread0" daemon [_thread_blocked, id=1568, stack(0x02e30000,0x02e80000)]
  0x02ae3800 JavaThread "Attach Listener" daemon [_thread_blocked, id=3896, stack(0x02de0000,0x02e30000)]
  0x02ae2000 JavaThread "Signal Dispatcher" daemon [_thread_blocked, id=2240, stack(0x02d90000,0x02de0000)]
  0x02ad3c00 JavaThread "Finalizer" daemon [_thread_blocked, id=3268, stack(0x02d40000,0x02d90000)]
  0x02acf000 JavaThread "Reference Handler" daemon [_thread_blocked, id=2344, stack(0x02cf0000,0x02d40000)]
  0x00858400 JavaThread "main" [_thread_in_native, id=3232, stack(0x00940000,0x00990000)]

Other Threads:
  0x02acd400 VMThread [stack: 0x02ca0000,0x02cf0000] [id=704]
  0x02b06c00 WatcherThread [stack: 0x02ed0000,0x02f20000] [id=652]

VM state:not at safepoint (normal execution)

VM Mutex/Monitor currently owned by a thread: None

Heap
 def new generation   total 8320K, used 731K [0x22b40000, 0x23440000, 0x28090000)
  eden space 7424K,   9% used [0x22b40000, 0x22bf57c0, 0x23280000)
  from space 896K,   0% used [0x23360000, 0x23361450, 0x23440000)
  to   space 896K,   0% used [0x23280000, 0x23280000, 0x23360000)
 tenured generation   total 18372K, used 17803K [0x28090000, 0x29281000, 0x32b40000)
   the space 18372K,  96% used [0x28090000, 0x291f2d18, 0x291f2e00, 0x29281000)
 compacting perm gen  total 12288K, used 1976K [0x32b40000, 0x33740000, 0x36b40000)
   the space 12288K,  16% used [0x32b40000, 0x32d2e3d8, 0x32d2e400, 0x33740000)
    ro space 10240K,  42% used [0x36b40000, 0x36f7f150, 0x36f7f200, 0x37540000)
    rw space 12288K,  54% used [0x37540000, 0x37bbfad8, 0x37bbfc00, 0x38140000)

Card table byte_map: [0x02b40000,0x02bf0000] byte_map_base: 0x02a2a600

Polling page: 0x00990000

Code Cache  [0x009c0000, 0x00ba8000, 0x029c0000)
 total_blobs=935 nmethods=685 adapters=184 free_code_cache=30818Kb largest_free_block=31557696

Compilation events (10 events):
Event: 16.480 Thread 0x02ae8800  675             java.security.ProtectionDomain$1::doIntersectionPrivilege (32 bytes)
Event: 16.481 Thread 0x02ae8800 nmethod 675 0x00ba4608 code [0x00ba4730, 0x00ba48c4]
Event: 16.573 Thread 0x02ae8800  676             sun.reflect.DelegatingMethodAccessorImpl::invoke (10 bytes)
Event: 16.573 Thread 0x02ae8800 nmethod 676 0x00ba49c8 code [0x00ba4ad0, 0x00ba4b6c]
Event: 16.895 Thread 0x02ae8800  677   !         java.awt.EventDispatchThread::pumpOneEventForFilters (295 bytes)
Event: 16.897 Thread 0x02ae8800 nmethod 677 0x00ba4bc8 code [0x00ba4e50, 0x00ba5984]
Event: 17.218 Thread 0x02ae8800  678             java.util.concurrent.locks.AbstractQueuedSynchronizer::shouldParkAfterFailedAcquire (50 bytes)
Event: 17.218 Thread 0x02ae8800 nmethod 678 0x00ba6e48 code [0x00ba6f40, 0x00ba7050]
Event: 19.463 Thread 0x02ae8800  679             java.util.Arrays::copyOf (47 bytes)
Event: 19.463 Thread 0x02ae8800 nmethod 679 0x00ba72c8 code [0x00ba73f0, 0x00ba7694]

GC Heap History (10 events):
Event: 16.668 GC heap before
{Heap before GC invocations=99 (full 1):
 def new generation   total 8320K, used 7429K [0x22b40000, 0x23440000, 0x28090000)
  eden space 7424K, 100% used [0x22b40000, 0x23280000, 0x23280000)
  from space 896K,   0% used [0x23280000, 0x23281498, 0x23360000)
  to   space 896K,   0% used [0x23360000, 0x23360000, 0x23440000)
 tenured generation   total 18372K, used 17803K [0x28090000, 0x29281000, 0x32b40000)
   the space 18372K,  96% used [0x28090000, 0x291f2d18, 0x291f2e00, 0x29281000)
 compacting perm gen  total 12288K, used 1974K [0x32b40000, 0x33740000, 0x36b40000)
   the space 12288K,  16% used [0x32b40000, 0x32d2db00, 0x32d2dc00, 0x33740000)
    ro space 10240K,  42% used [0x36b40000, 0x36f7f150, 0x36f7f200, 0x37540000)
    rw space 12288K,  54% used [0x37540000, 0x37bbfad8, 0x37bbfc00, 0x38140000)
Event: 16.669 GC heap after
Heap after GC invocations=100 (full 1):
 def new generation   total 8320K, used 4K [0x22b40000, 0x23440000, 0x28090000)
  eden space 7424K,   0% used [0x22b40000, 0x22b40000, 0x23280000)
  from space 896K,   0% used [0x23360000, 0x233611f0, 0x23440000)
  to   space 896K,   0% used [0x23280000, 0x23280000, 0x23360000)
 tenured generation   total 18372K, used 17803K [0x28090000, 0x29281000, 0x32b40000)
   the space 18372K,  96% used [0x28090000, 0x291f2d18, 0x291f2e00, 0x29281000)
 compacting perm gen  total 12288K, used 1974K [0x32b40000, 0x33740000, 0x36b40000)
   the space 12288K,  16% used [0x32b40000, 0x32d2db00, 0x32d2dc00, 0x33740000)
    ro space 10240K,  42% used [0x36b40000, 0x36f7f150, 0x36f7f200, 0x37540000)
    rw space 12288K,  54% used [0x37540000, 0x37bbfad8, 0x37bbfc00, 0x38140000)
}
Event: 16.876 GC heap before
{Heap before GC invocations=100 (full 1):
 def new generation   total 8320K, used 7428K [0x22b40000, 0x23440000, 0x28090000)
  eden space 7424K, 100% used [0x22b40000, 0x23280000, 0x23280000)
  from space 896K,   0% used [0x23360000, 0x233611f0, 0x23440000)
  to   space 896K,   0% used [0x23280000, 0x23280000, 0x23360000)
 tenured generation   total 18372K, used 17803K [0x28090000, 0x29281000, 0x32b40000)
   the space 18372K,  96% used [0x28090000, 0x291f2d18, 0x291f2e00, 0x29281000)
 compacting perm gen  total 12288K, used 1974K [0x32b40000, 0x33740000, 0x36b40000)
   the space 12288K,  16% used [0x32b40000, 0x32d2db00, 0x32d2dc00, 0x33740000)
    ro space 10240K,  42% used [0x36b40000, 0x36f7f150, 0x36f7f200, 0x37540000)
    rw space 12288K,  54% used [0x37540000, 0x37bbfad8, 0x37bbfc00, 0x38140000)
Event: 16.877 GC heap after
Heap after GC invocations=101 (full 1):
 def new generation   total 8320K, used 4K [0x22b40000, 0x23440000, 0x28090000)
  eden space 7424K,   0% used [0x22b40000, 0x22b40000, 0x23280000)
  from space 896K,   0% used [0x23280000, 0x232813b0, 0x23360000)
  to   space 896K,   0% used [0x23360000, 0x23360000, 0x23440000)
 tenured generation   total 18372K, used 17803K [0x28090000, 0x29281000, 0x32b40000)
   the space 18372K,  96% used [0x28090000, 0x291f2d18, 0x291f2e00, 0x29281000)
 compacting perm gen  total 12288K, used 1974K [0x32b40000, 0x33740000, 0x36b40000)
   the space 12288K,  16% used [0x32b40000, 0x32d2db00, 0x32d2dc00, 0x33740000)
    ro space 10240K,  42% used [0x36b40000, 0x36f7f150, 0x36f7f200, 0x37540000)
    rw space 12288K,  54% used [0x37540000, 0x37bbfad8, 0x37bbfc00, 0x38140000)
}
Event: 17.075 GC heap before
{Heap before GC invocations=101 (full 1):
 def new generation   total 8320K, used 7428K [0x22b40000, 0x23440000, 0x28090000)
  eden space 7424K, 100% used [0x22b40000, 0x23280000, 0x23280000)
  from space 896K,   0% used [0x23280000, 0x232813b0, 0x23360000)
  to   space 896K,   0% used [0x23360000, 0x23360000, 0x23440000)
 tenured generation   total 18372K, used 17803K [0x28090000, 0x29281000, 0x32b40000)
   the space 18372K,  96% used [0x28090000, 0x291f2d18, 0x291f2e00, 0x29281000)
 compacting perm gen  total 12288K, used 1975K [0x32b40000, 0x33740000, 0x36b40000)
   the space 12288K,  16% used [0x32b40000, 0x32d2dec8, 0x32d2e000, 0x33740000)
    ro space 10240K,  42% used [0x36b40000, 0x36f7f150, 0x36f7f200, 0x37540000)
    rw space 12288K,  54% used [0x37540000, 0x37bbfad8, 0x37bbfc00, 0x38140000)
Event: 17.076 GC heap after
Heap after GC invocations=102 (full 1):
 def new generation   total 8320K, used 5K [0x22b40000, 0x23440000, 0x28090000)
  eden space 7424K,   0% used [0x22b40000, 0x22b40000, 0x23280000)
  from space 896K,   0% used [0x23360000, 0x23361438, 0x23440000)
  to   space 896K,   0% used [0x23280000, 0x23280000, 0x23360000)
 tenured generation   total 18372K, used 17803K [0x28090000, 0x29281000, 0x32b40000)
   the space 18372K,  96% used [0x28090000, 0x291f2d18, 0x291f2e00, 0x29281000)
 compacting perm gen  total 12288K, used 1975K [0x32b40000, 0x33740000, 0x36b40000)
   the space 12288K,  16% used [0x32b40000, 0x32d2dec8, 0x32d2e000, 0x33740000)
    ro space 10240K,  42% used [0x36b40000, 0x36f7f150, 0x36f7f200, 0x37540000)
    rw space 12288K,  54% used [0x37540000, 0x37bbfad8, 0x37bbfc00, 0x38140000)
}
Event: 17.256 GC heap before
{Heap before GC invocations=102 (full 1):
 def new generation   total 8320K, used 7429K [0x22b40000, 0x23440000, 0x28090000)
  eden space 7424K, 100% used [0x22b40000, 0x23280000, 0x23280000)
  from space 896K,   0% used [0x23360000, 0x23361438, 0x23440000)
  to   space 896K,   0% used [0x23280000, 0x23280000, 0x23360000)
 tenured generation   total 18372K, used 17803K [0x28090000, 0x29281000, 0x32b40000)
   the space 18372K,  96% used [0x28090000, 0x291f2d18, 0x291f2e00, 0x29281000)
 compacting perm gen  total 12288K, used 1975K [0x32b40000, 0x33740000, 0x36b40000)
   the space 12288K,  16% used [0x32b40000, 0x32d2dec8, 0x32d2e000, 0x33740000)
    ro space 10240K,  42% used [0x36b40000, 0x36f7f150, 0x36f7f200, 0x37540000)
    rw space 12288K,  54% used [0x37540000, 0x37bbfad8, 0x37bbfc00, 0x38140000)
Event: 17.257 GC heap after
Heap after GC invocations=103 (full 1):
 def new generation   total 8320K, used 4K [0x22b40000, 0x23440000, 0x28090000)
  eden space 7424K,   0% used [0x22b40000, 0x22b40000, 0x23280000)
  from space 896K,   0% used [0x23280000, 0x23281290, 0x23360000)
  to   space 896K,   0% used [0x23360000, 0x23360000, 0x23440000)
 tenured generation   total 18372K, used 17803K [0x28090000, 0x29281000, 0x32b40000)
   the space 18372K,  96% used [0x28090000, 0x291f2d18, 0x291f2e00, 0x29281000)
 compacting perm gen  total 12288K, used 1975K [0x32b40000, 0x33740000, 0x36b40000)
   the space 12288K,  16% used [0x32b40000, 0x32d2dec8, 0x32d2e000, 0x33740000)
    ro space 10240K,  42% used [0x36b40000, 0x36f7f150, 0x36f7f200, 0x37540000)
    rw space 12288K,  54% used [0x37540000, 0x37bbfad8, 0x37bbfc00, 0x38140000)
}
Event: 17.458 GC heap before
{Heap before GC invocations=103 (full 1):
 def new generation   total 8320K, used 7428K [0x22b40000, 0x23440000, 0x28090000)
  eden space 7424K, 100% used [0x22b40000, 0x23280000, 0x23280000)
  from space 896K,   0% used [0x23280000, 0x23281290, 0x23360000)
  to   space 896K,   0% used [0x23360000, 0x23360000, 0x23440000)
 tenured generation   total 18372K, used 17803K [0x28090000, 0x29281000, 0x32b40000)
   the space 18372K,  96% used [0x28090000, 0x291f2d18, 0x291f2e00, 0x29281000)
 compacting perm gen  total 12288K, used 1975K [0x32b40000, 0x33740000, 0x36b40000)
   the space 12288K,  16% used [0x32b40000, 0x32d2dec8, 0x32d2e000, 0x33740000)
    ro space 10240K,  42% used [0x36b40000, 0x36f7f150, 0x36f7f200, 0x37540000)
    rw space 12288K,  54% used [0x37540000, 0x37bbfad8, 0x37bbfc00, 0x38140000)
Event: 17.458 GC heap after
Heap after GC invocations=104 (full 1):
 def new generation   total 8320K, used 5K [0x22b40000, 0x23440000, 0x28090000)
  eden space 7424K,   0% used [0x22b40000, 0x22b40000, 0x23280000)
  from space 896K,   0% used [0x23360000, 0x23361450, 0x23440000)
  to   space 896K,   0% used [0x23280000, 0x23280000, 0x23360000)
 tenured generation   total 18372K, used 17803K [0x28090000, 0x29281000, 0x32b40000)
   the space 18372K,  96% used [0x28090000, 0x291f2d18, 0x291f2e00, 0x29281000)
 compacting perm gen  total 12288K, used 1975K [0x32b40000, 0x33740000, 0x36b40000)
   the space 12288K,  16% used [0x32b40000, 0x32d2dec8, 0x32d2e000, 0x33740000)
    ro space 10240K,  42% used [0x36b40000, 0x36f7f150, 0x36f7f200, 0x37540000)
    rw space 12288K,  54% used [0x37540000, 0x37bbfad8, 0x37bbfc00, 0x38140000)
}

Deoptimization events (0 events):
No events

Internal exceptions (10 events):
Event: 1.238 Thread 0x02f89400 Threw 0x22f61fd8 at C:\jdk7u1_32P\jdk7u7\hotspot\src\share\vm\prims\jni.cpp:716
Event: 1.239 Thread 0x02f89400 Threw 0x22f6fff8 at C:\jdk7u1_32P\jdk7u7\hotspot\src\share\vm\prims\jni.cpp:716
Event: 1.241 Thread 0x02f89400 Threw 0x22fdbd90 at C:\jdk7u1_32P\jdk7u7\hotspot\src\share\vm\prims\jvm.cpp:1166
Event: 1.241 Thread 0x02f89400 Threw 0x22fde690 at C:\jdk7u1_32P\jdk7u7\hotspot\src\share\vm\prims\jvm.cpp:1166
Event: 1.242 Thread 0x02f89400 Threw 0x22fe1e20 at C:\jdk7u1_32P\jdk7u7\hotspot\src\share\vm\prims\jvm.cpp:1166
Event: 1.243 Thread 0x02f89400 Threw 0x22fe67d0 at C:\jdk7u1_32P\jdk7u7\hotspot\src\share\vm\prims\jvm.cpp:1166
Event: 1.248 Thread 0x00858400 Threw 0x22ff8268 at C:\jdk7u1_32P\jdk7u7\hotspot\src\share\vm\prims\jvm.cpp:1166
Event: 1.285 Thread 0x02f89400 Threw 0x22feb128 at C:\jdk7u1_32P\jdk7u7\hotspot\src\share\vm\prims\jvm.cpp:1166
Event: 1.339 Thread 0x02f89400 Threw 0x230fda68 at C:\jdk7u1_32P\jdk7u7\hotspot\src\share\vm\prims\jvm.cpp:1166
Event: 17.471 Thread 0x02f89400 Threw 0x22bca8b0 at C:\jdk7u1_32P\jdk7u7\hotspot\src\share\vm\prims\jvm.cpp:1166

Events (10 events):
Event: 16.919 loading class 0x381ead18
Event: 16.919 loading class 0x381ead18 done
Event: 17.075 Executing VM operation: GenCollectForAllocation
Event: 17.076 Executing VM operation: GenCollectForAllocation done
Event: 17.256 Executing VM operation: GenCollectForAllocation
Event: 17.257 Executing VM operation: GenCollectForAllocation done
Event: 17.458 Executing VM operation: GenCollectForAllocation
Event: 17.458 Executing VM operation: GenCollectForAllocation done
Event: 17.471 loading class 0x02f98580
Event: 17.471 loading class 0x02f98580 done


Dynamic libraries:
0x00400000 - 0x0042f000 	D:\Program Files\Java\jre7\bin\javaw.exe
0x7c900000 - 0x7c9b2000 	D:\WINXP\system32\ntdll.dll
0x7c800000 - 0x7c8f6000 	D:\WINXP\system32\kernel32.dll
0x77dd0000 - 0x77e6b000 	D:\WINXP\system32\ADVAPI32.dll
0x77e70000 - 0x77f03000 	D:\WINXP\system32\RPCRT4.dll
0x77fe0000 - 0x77ff1000 	D:\WINXP\system32\Secur32.dll
0x7e410000 - 0x7e4a1000 	D:\WINXP\system32\USER32.dll
0x77f10000 - 0x77f59000 	D:\WINXP\system32\GDI32.dll
0x773d0000 - 0x774d3000 	D:\WINXP\WinSxS\x86_Microsoft.Windows.Common-Controls_6595b64144ccf1df_6.0.2600.6028_x-ww_61e65202\COMCTL32.dll
0x77c10000 - 0x77c68000 	D:\WINXP\system32\msvcrt.dll
0x77f60000 - 0x77fd6000 	D:\WINXP\system32\SHLWAPI.dll
0x76390000 - 0x763ad000 	D:\WINXP\system32\IMM32.DLL
0x78aa0000 - 0x78b5e000 	D:\Program Files\Java\jre7\bin\msvcr100.dll
0x6e750000 - 0x6ea9c000 	D:\Program Files\Java\jre7\bin\client\jvm.dll
0x71ad0000 - 0x71ad9000 	D:\WINXP\system32\WSOCK32.dll
0x71ab0000 - 0x71ac7000 	D:\WINXP\system32\WS2_32.dll
0x71aa0000 - 0x71aa8000 	D:\WINXP\system32\WS2HELP.dll
0x76b40000 - 0x76b6d000 	D:\WINXP\system32\WINMM.dll
0x76bf0000 - 0x76bfb000 	D:\WINXP\system32\PSAPI.DLL
0x6e6a0000 - 0x6e6ac000 	D:\Program Files\Java\jre7\bin\verify.dll
0x6d480000 - 0x6d4a0000 	D:\Program Files\Java\jre7\bin\java.dll
0x6e730000 - 0x6e743000 	D:\Program Files\Java\jre7\bin\zip.dll
0x6d000000 - 0x6d142000 	D:\Program Files\Java\jre7\bin\awt.dll
0x77120000 - 0x771ab000 	D:\WINXP\system32\OLEAUT32.dll
0x774e0000 - 0x7761e000 	D:\WINXP\system32\ole32.dll
0x5ad70000 - 0x5ada8000 	D:\WINXP\system32\uxtheme.dll
0x74720000 - 0x7476c000 	D:\WINXP\system32\MSCTF.dll
0x755c0000 - 0x755ee000 	D:\WINXP\system32\msctfime.ime
0x4fdd0000 - 0x4ff76000 	D:\WINXP\system32\d3d9.dll
0x6d990000 - 0x6d996000 	D:\WINXP\system32\d3d8thk.dll
0x77c00000 - 0x77c08000 	D:\WINXP\system32\VERSION.dll
0x10000000 - 0x10007000 	D:\Teleoperacion Motoman\ComunicacionLAN\VBToJavaMotoCom.dll
0x73dd0000 - 0x73ec2000 	D:\WINXP\system32\MFC42.DLL
0x5fd00000 - 0x5fd0e000 	D:\WINXP\system32\MFC42LOC.DLL
0x6d270000 - 0x6d29a000 	D:\Program Files\Java\jre7\bin\fontmanager.dll
0x76fd0000 - 0x7704f000 	D:\WINXP\system32\CLBCATQ.DLL
0x77050000 - 0x77115000 	D:\WINXP\system32\COMRes.dll
0x11000000 - 0x1100b000 	D:\Teleoperacion Motoman\ComunicacionLAN\VBTestDLL.dll
0x73420000 - 0x73573000 	D:\WINXP\system32\MSVBVM60.DLL
0x7e720000 - 0x7e7d0000 	D:\WINXP\system32\SXS.DLL
0x04160000 - 0x0418b000 	D:\WINXP\system32\MotoCom32.dll
0x04190000 - 0x0419e000 	D:\Teleoperacion Motoman\ComunicacionLAN\vrp32.dll
0x59a60000 - 0x59b01000 	D:\WINXP\system32\dbghelp.dll

VM Arguments:
jvm_args: -Dfile.encoding=Cp1252 
java_command: comunicacionlan.Principal
Launcher Type: SUN_STANDARD

Environment Variables:
PATH=D:/Program Files/Java/jre7/bin/client;D:/Program Files/Java/jre7/bin;D:/Program Files/Java/jre7/lib/i386;D:\WINXP\system32;D:\WINXP;D:\WINXP\System32\Wbem;D:\eclipse;
USERNAME=LABMECATRONICA
OS=Windows_NT
PROCESSOR_IDENTIFIER=x86 Family 6 Model 23 Stepping 10, GenuineIntel



---------------  S Y S T E M  ---------------

OS: Windows XP Build 2600 Service Pack 3

CPU:total 2 (2 cores per cpu, 1 threads per core) family 6 model 23 stepping 10, cmov, cx8, fxsr, mmx, sse, sse2, sse3, ssse3, tsc

Memory: 4k page, physical 3144428k(1787216k free), swap 8221420k(6997020k free)

vm_info: Java HotSpot(TM) Client VM (23.3-b01) for windows-x86 JRE (1.7.0_07-b11), built on Sep  7 2012 01:40:56 by "java_re" with unknown MS VC++:1600

time: Wed Sep 26 11:01:33 2012
elapsed time: 21 seconds

